2024-06-07 11:55:09,872 - ERROR - Error al conectarse a la base de datos
2024-06-07 11:55:09,872 - ERROR - Error al conectarse a la base de datos
Error al conectarse a la base de datos
2024-06-07 11:55:09,872 - ERROR - Traceback (most recent call last):
  File "/home/donkami/.local/lib/python3.10/site-packages/mysql/connector/connection_cext.py", line 291, in _open_connection
    self._cmysql.connect(**cnx_kwargs)
_mysql_connector.MySQLInterfaceError: Can't connect to MySQL server on '127.0.0.1:3306' (111)

The above exception was the direct cause of the following exception:

Traceback (most recent call last):
  File "/home/donkami/Sona/devnet-candelaria/Services/FiM/save_register.py", line 24, in database_connection
    mydb = mysql.connector.connect(
  File "/home/donkami/.local/lib/python3.10/site-packages/mysql/connector/pooling.py", line 293, in connect
    return CMySQLConnection(*args, **kwargs)
  File "/home/donkami/.local/lib/python3.10/site-packages/mysql/connector/connection_cext.py", line 120, in __init__
    self.connect(**kwargs)
  File "/home/donkami/.local/lib/python3.10/site-packages/mysql/connector/abstracts.py", line 1181, in connect
    self._open_connection()
  File "/home/donkami/.local/lib/python3.10/site-packages/mysql/connector/connection_cext.py", line 296, in _open_connection
    raise get_mysql_exception(
mysql.connector.errors.DatabaseError: 2003 (HY000): Can't connect to MySQL server on '127.0.0.1:3306' (111)

2024-06-07 11:55:09,872 - ERROR - Traceback (most recent call last):
  File "/home/donkami/.local/lib/python3.10/site-packages/mysql/connector/connection_cext.py", line 291, in _open_connection
    self._cmysql.connect(**cnx_kwargs)
_mysql_connector.MySQLInterfaceError: Can't connect to MySQL server on '127.0.0.1:3306' (111)

The above exception was the direct cause of the following exception:

Traceback (most recent call last):
  File "/home/donkami/Sona/devnet-candelaria/Services/FiM/save_register.py", line 24, in database_connection
    mydb = mysql.connector.connect(
  File "/home/donkami/.local/lib/python3.10/site-packages/mysql/connector/pooling.py", line 293, in connect
    return CMySQLConnection(*args, **kwargs)
  File "/home/donkami/.local/lib/python3.10/site-packages/mysql/connector/connection_cext.py", line 120, in __init__
    self.connect(**kwargs)
  File "/home/donkami/.local/lib/python3.10/site-packages/mysql/connector/abstracts.py", line 1181, in connect
    self._open_connection()
  File "/home/donkami/.local/lib/python3.10/site-packages/mysql/connector/connection_cext.py", line 296, in _open_connection
    raise get_mysql_exception(
mysql.connector.errors.DatabaseError: 2003 (HY000): Can't connect to MySQL server on '127.0.0.1:3306' (111)

Traceback (most recent call last):
  File "/home/donkami/.local/lib/python3.10/site-packages/mysql/connector/connection_cext.py", line 291, in _open_connection
    self._cmysql.connect(**cnx_kwargs)
_mysql_connector.MySQLInterfaceError: Can't connect to MySQL server on '127.0.0.1:3306' (111)

The above exception was the direct cause of the following exception:

Traceback (most recent call last):
  File "/home/donkami/Sona/devnet-candelaria/Services/FiM/save_register.py", line 24, in database_connection
    mydb = mysql.connector.connect(
  File "/home/donkami/.local/lib/python3.10/site-packages/mysql/connector/pooling.py", line 293, in connect
    return CMySQLConnection(*args, **kwargs)
  File "/home/donkami/.local/lib/python3.10/site-packages/mysql/connector/connection_cext.py", line 120, in __init__
    self.connect(**kwargs)
  File "/home/donkami/.local/lib/python3.10/site-packages/mysql/connector/abstracts.py", line 1181, in connect
    self._open_connection()
  File "/home/donkami/.local/lib/python3.10/site-packages/mysql/connector/connection_cext.py", line 296, in _open_connection
    raise get_mysql_exception(
mysql.connector.errors.DatabaseError: 2003 (HY000): Can't connect to MySQL server on '127.0.0.1:3306' (111)

2024-06-07 11:55:09,873 - ERROR - 2003 (HY000): Can't connect to MySQL server on '127.0.0.1:3306' (111)
2024-06-07 11:55:09,873 - ERROR - 2003 (HY000): Can't connect to MySQL server on '127.0.0.1:3306' (111)
2003 (HY000): Can't connect to MySQL server on '127.0.0.1:3306' (111)
2024-06-07 11:55:09,873 - ERROR - Error en la funcion principal - Base RAP11
2024-06-07 11:55:09,873 - ERROR - Error en la funcion principal - Base RAP11
Error en la funcion principal - Base RAP11
2024-06-07 11:55:09,873 - ERROR - Traceback (most recent call last):
  File "/home/donkami/Sona/devnet-candelaria/Services/FiM/main.py", line 57, in check_fim
    update_status_base(base)
  File "/home/donkami/Sona/devnet-candelaria/Services/FiM/save_register.py", line 66, in update_status_base
    cursor = mydb.cursor()
AttributeError: 'NoneType' object has no attribute 'cursor'

2024-06-07 11:55:09,873 - ERROR - Traceback (most recent call last):
  File "/home/donkami/Sona/devnet-candelaria/Services/FiM/main.py", line 57, in check_fim
    update_status_base(base)
  File "/home/donkami/Sona/devnet-candelaria/Services/FiM/save_register.py", line 66, in update_status_base
    cursor = mydb.cursor()
AttributeError: 'NoneType' object has no attribute 'cursor'

Traceback (most recent call last):
  File "/home/donkami/Sona/devnet-candelaria/Services/FiM/main.py", line 57, in check_fim
    update_status_base(base)
  File "/home/donkami/Sona/devnet-candelaria/Services/FiM/save_register.py", line 66, in update_status_base
    cursor = mydb.cursor()
AttributeError: 'NoneType' object has no attribute 'cursor'

2024-06-07 11:55:09,873 - ERROR - 'NoneType' object has no attribute 'cursor'
2024-06-07 11:55:09,873 - ERROR - 'NoneType' object has no attribute 'cursor'
'NoneType' object has no attribute 'cursor'
2024-06-07 13:10:54,207 - WARNING - No se detecto resultado en el output en intento 1
2024-06-07 13:10:54,207 - WARNING - 
CANBUSSW01-ADM-DST>show ip ospf neighbor
CANBUSSW01-ADM-DST>
2024-06-07 13:10:59,733 - WARNING - No se detecto resultado en el output en intento 2
2024-06-07 13:10:59,734 - WARNING - 
CANBUSSW01-ADM-DST>show ip ospf neighbor
CANBUSSW01-ADM-DST>
2024-06-07 13:11:05,294 - WARNING - No se detecto resultado en el output en intento 3
2024-06-07 13:11:05,294 - WARNING - 
CANBUSSW01-ADM-DST>show ip ospf neighbor
CANBUSSW01-ADM-DST>
2024-06-07 13:11:10,838 - WARNING - No se detecto resultado en el output en intento 4
2024-06-07 13:11:10,838 - WARNING - 
CANBUSSW01-ADM-DST>show ip ospf neighbor
CANBUSSW01-ADM-DST>
2024-06-07 13:11:16,331 - WARNING - No se detecto resultado en el output en intento 5
2024-06-07 13:11:16,331 - WARNING - 
CANBUSSW01-ADM-DST>show ip ospf neighbor
CANBUSSW01-ADM-DST>
2024-06-07 13:11:36,228 - WARNING - No se detecto resultado en el output en intento 1
2024-06-07 13:11:36,228 - WARNING - 
CORE_OT_CONC>show ip ospf neighbor

Neighbor ID     Pri   State           Dead Time   Address         Interface
10.224.126.62     1   FULL/BDR        00:00:39    10.224.126.62   Vlan900
10.224.126.51     1   FULL/DROTHER    00:00:32    10.228.254.1    Vlan2040
10.228.10.2       1   FULL/DROTHER    00:00:33    10.228.254.13   Vlan2040
10.228.10.3       1   FULL/DR         00:00:30    10.228.254.12   Vlan2040
10.224.126.51     1   2WAY/DROTHER    00:00:39    10.228.254.161  Vlan2035
10.228.254.162    1   FULL/BDR        00:00:35    10.228.254.173  Vlan2035
10.228.254.163    1   FULL/DR         00:00:35    10.228.254.172  Vlan2035
10.224.125.4      1   FULL/DROTHER    00:00:36    10.224.126.49   Vlan600
10.224.126.51     1   FULL/DR         00:00:33    10.224.126.51   Vlan600
10.228.10.50      1   FULL/BDR        00:00:35    10.228.254.61   Vlan2043
10.228.10.51      1   FULL/DR         00:00:35    10.228.254.60   Vlan2043
10.228.254.49     1   2WAY/DROTHER    00:00:39    10.228.254.49   Vlan2043
10.228.10.82      1   FULL/DROTHER    00:00:31    10.228.254.93   Vlan2045
10.228.10.83      1   FULL/DROTHER    00:00:33    10.228.254.92   Vlan2045
10.228.254.81     1   FULL/BDR        00:00:35    10.228.254.81   Vlan2045
10.228.10.66      1   FULL/DROTHER    00:00:32    10.228.254.77   Vlan2044
10.228.10.67      1   FULL/DROTHER    00:00:32    10.228.254.76   Vlan2044
10.228.254.65     1   FULL/BDR        00:00:35    10.228.254.65   Vlan2044
10.228.10.34      1   FULL/DROTHER    00:00:39    10.228.254.45   Vlan2042
10.228.10.35      1   FULL/DROTHER    00:00:37    10.228.254.44   Vlan2042
10.228.254.33     1   FULL/BDR        00:00:39    10.228.254.33   Vlan2042
 --More-- 
2024-06-07 13:11:41,704 - WARNING - No se detecto resultado en el output en intento 2
2024-06-07 13:11:41,704 - WARNING - 
CORE_OT_CONC>show ip ospf neighbor

Neighbor ID     Pri   State           Dead Time   Address         Interface
10.224.126.62     1   FULL/BDR        00:00:34    10.224.126.62   Vlan900
10.224.126.51     1   FULL/DROTHER    00:00:37    10.228.254.1    Vlan2040
10.228.10.2       1   FULL/DROTHER    00:00:37    10.228.254.13   Vlan2040
10.228.10.3       1   FULL/DR         00:00:34    10.228.254.12   Vlan2040
10.224.126.51     1   2WAY/DROTHER    00:00:33    10.228.254.161  Vlan2035
10.228.254.162    1   FULL/BDR        00:00:39    10.228.254.173  Vlan2035
10.228.254.163    1   FULL/DR         00:00:39    10.228.254.172  Vlan2035
10.224.125.4      1   FULL/DROTHER    00:00:31    10.224.126.49   Vlan600
10.224.126.51     1   FULL/DR         00:00:36    10.224.126.51   Vlan600
10.228.10.50      1   FULL/BDR        00:00:30    10.228.254.61   Vlan2043
10.228.10.51      1   FULL/DR         00:00:39    10.228.254.60   Vlan2043
10.228.254.49     1   2WAY/DROTHER    00:00:34    10.228.254.49   Vlan2043
10.228.10.82      1   FULL/DROTHER    00:00:35    10.228.254.93   Vlan2045
10.228.10.83      1   FULL/DROTHER    00:00:37    10.228.254.92   Vlan2045
10.228.254.81     1   FULL/BDR        00:00:39    10.228.254.81   Vlan2045
10.228.10.66      1   FULL/DROTHER    00:00:36    10.228.254.77   Vlan2044
10.228.10.67      1   FULL/DROTHER    00:00:36    10.228.254.76   Vlan2044
10.228.254.65     1   FULL/BDR        00:00:39    10.228.254.65   Vlan2044
10.228.10.34      1   FULL/DROTHER    00:00:33    10.228.254.45   Vlan2042
10.228.10.35      1   FULL/DROTHER    00:00:31    10.228.254.44   Vlan2042
10.228.254.33     1   FULL/BDR        00:00:33    10.228.254.33   Vlan2042
 --More-- 
2024-06-07 13:12:23,576 - WARNING - No se detecto resultado en el output en intento 1
2024-06-07 13:12:23,576 - WARNING - 
CORE_OT_CONC>terminal length 0
CORE_OT_CONC>show ip ospf neighbor

Neighbor ID     Pri   State           Dead Time   Address         Interface
10.224.126.62     1   FULL/BDR        00:00:39    10.224.126.62   Vlan900
10.224.126.51     1   FULL/DROTHER    00:00:32    10.228.254.1    Vlan2040
10.228.10.2       1   FULL/DROTHER    00:00:34    10.228.254.13   Vlan2040
10.228.10.3       1   FULL/DR         00:00:39    10.228.254.12   Vlan2040
10.224.126.51     1   2WAY/DROTHER    00:00:39    10.228.254.161  Vlan2035
10.228.254.162    1   FULL/BDR        00:00:35    10.228.254.173  Vlan2035
10.228.254.163    1   FULL/DR         00:00:35    10.228.254.172  Vlan2035
10.224.125.4      1   FULL/DROTHER    00:00:39    10.224.126.49   Vlan600
10.224.126.51     1   FULL/DR         00:00:33    10.224.126.51   Vlan600
10.228.10.50      1   FULL/BDR        00:00:37    10.228.254.61   Vlan2043
10.228.10.51      1   FULL/DR         00:00:35    10.228.254.60   Vlan2043
10.228.254.49     1   2WAY/DROTHER    00:00:39    10.228.254.49   Vlan2043
10.228.10.82      1   FULL/DROTHER    00:00:31    10.228.254.93   Vlan2045
10.228.10.83      1   FULL/DROTHER    00:00:34    10.228.254.92   Vlan2045
10.228.254.81     1   FULL/BDR        00:00:34    10.228.254.81   Vlan2045
10.228.10.66      1   FULL/DROTHER    00:00:33    10.228.254.77   Vlan2044
10.228.10.67      1   FULL/DROTHER    00:00:32    10.228.254.76   Vlan2044
10.228.254.65     1   FULL/BDR        00:00:35    10.228.254.65   Vlan2044
10.228.10.34      1   FULL/DROTHER    00:00:39    10.228.254.45   Vlan2042
10.228.10.35      1   FULL/DROTHER    00:00:37    10.228.254.44   Vlan2042
10.228.254.33     1   FULL/BDR        00:00:38    10.228.254.33   Vlan2042
10.228.10.18      1   FULL/DROTHER    00:00:39    10.228.254.29   Vlan2041
10.228.10.19      1   FULL/DROTHER    00:00:32    10.228.254.28   Vlan2041
10.228.254.17     1   FULL/BDR        00:00:32    10.228.254.17   Vlan2041
CORE_OT_CONC>
2024-06-07 13:12:30,073 - WARNING - No se detecto resultado en el output en intento 2
2024-06-07 13:12:30,073 - WARNING - 
CORE_OT_CONC>terminal length 0
CORE_OT_CONC>show ip ospf neighbor

Neighbor ID     Pri   State           Dead Time   Address         Interface
10.224.126.62     1   FULL/BDR        00:00:33    10.224.126.62   Vlan900
10.224.126.51     1   FULL/DROTHER    00:00:35    10.228.254.1    Vlan2040
10.228.10.2       1   FULL/DROTHER    00:00:37    10.228.254.13   Vlan2040
10.228.10.3       1   FULL/DR         00:00:33    10.228.254.12   Vlan2040
10.224.126.51     1   2WAY/DROTHER    00:00:33    10.228.254.161  Vlan2035
10.228.254.162    1   FULL/BDR        00:00:38    10.228.254.173  Vlan2035
10.228.254.163    1   FULL/DR         00:00:38    10.228.254.172  Vlan2035
10.224.125.4      1   FULL/DROTHER    00:00:33    10.224.126.49   Vlan600
10.224.126.51     1   FULL/DR         00:00:36    10.224.126.51   Vlan600
10.228.10.50      1   FULL/BDR        00:00:30    10.228.254.61   Vlan2043
10.228.10.51      1   FULL/DR         00:00:38    10.228.254.60   Vlan2043
10.228.254.49     1   2WAY/DROTHER    00:00:32    10.228.254.49   Vlan2043
10.228.10.82      1   FULL/DROTHER    00:00:34    10.228.254.93   Vlan2045
10.228.10.83      1   FULL/DROTHER    00:00:37    10.228.254.92   Vlan2045
10.228.254.81     1   FULL/BDR        00:00:37    10.228.254.81   Vlan2045
10.228.10.66      1   FULL/DROTHER    00:00:36    10.228.254.77   Vlan2044
10.228.10.67      1   FULL/DROTHER    00:00:36    10.228.254.76   Vlan2044
10.228.254.65     1   FULL/BDR        00:00:37    10.228.254.65   Vlan2044
10.228.10.34      1   FULL/DROTHER    00:00:33    10.228.254.45   Vlan2042
10.228.10.35      1   FULL/DROTHER    00:00:31    10.228.254.44   Vlan2042
10.228.254.33     1   FULL/BDR        00:00:32    10.228.254.33   Vlan2042
10.228.10.18      1   FULL/DROTHER    00:00:33    10.228.254.29   Vlan2041
10.228.10.19      1   FULL/DROTHER    00:00:36    10.228.254.28   Vlan2041
10.228.254.17     1   FULL/BDR        00:00:35    10.228.254.17   Vlan2041
CORE_OT_CONC>
2024-06-07 13:12:36,570 - WARNING - No se detecto resultado en el output en intento 3
2024-06-07 13:12:36,570 - WARNING - 
CORE_OT_CONC>terminal length 0
CORE_OT_CONC>show ip ospf neighbor

Neighbor ID     Pri   State           Dead Time   Address         Interface
10.224.126.62     1   FULL/BDR        00:00:36    10.224.126.62   Vlan900
10.224.126.51     1   FULL/DROTHER    00:00:38    10.228.254.1    Vlan2040
10.228.10.2       1   FULL/DROTHER    00:00:30    10.228.254.13   Vlan2040
10.228.10.3       1   FULL/DR         00:00:36    10.228.254.12   Vlan2040
10.224.126.51     1   2WAY/DROTHER    00:00:35    10.228.254.161  Vlan2035
10.228.254.162    1   FULL/BDR        00:00:31    10.228.254.173  Vlan2035
10.228.254.163    1   FULL/DR         00:00:31    10.228.254.172  Vlan2035
10.224.125.4      1   FULL/DROTHER    00:00:36    10.224.126.49   Vlan600
10.224.126.51     1   FULL/DR         00:00:39    10.224.126.51   Vlan600
10.228.10.50      1   FULL/BDR        00:00:33    10.228.254.61   Vlan2043
10.228.10.51      1   FULL/DR         00:00:31    10.228.254.60   Vlan2043
10.228.254.49     1   2WAY/DROTHER    00:00:35    10.228.254.49   Vlan2043
10.228.10.82      1   FULL/DROTHER    00:00:37    10.228.254.93   Vlan2045
10.228.10.83      1   FULL/DROTHER    00:00:30    10.228.254.92   Vlan2045
10.228.254.81     1   FULL/BDR        00:00:31    10.228.254.81   Vlan2045
10.228.10.66      1   FULL/DROTHER    00:00:39    10.228.254.77   Vlan2044
10.228.10.67      1   FULL/DROTHER    00:00:38    10.228.254.76   Vlan2044
10.228.254.65     1   FULL/BDR        00:00:31    10.228.254.65   Vlan2044
10.228.10.34      1   FULL/DROTHER    00:00:36    10.228.254.45   Vlan2042
10.228.10.35      1   FULL/DROTHER    00:00:34    10.228.254.44   Vlan2042
10.228.254.33     1   FULL/BDR        00:00:34    10.228.254.33   Vlan2042
10.228.10.18      1   FULL/DROTHER    00:00:36    10.228.254.29   Vlan2041
10.228.10.19      1   FULL/DROTHER    00:00:38    10.228.254.28   Vlan2041
10.228.254.17     1   FULL/BDR        00:00:38    10.228.254.17   Vlan2041
CORE_OT_CONC>
2024-06-07 13:12:43,051 - WARNING - No se detecto resultado en el output en intento 4
2024-06-07 13:12:43,051 - WARNING - 
CORE_OT_CONC>terminal length 0
CORE_OT_CONC>show ip ospf neighbor

Neighbor ID     Pri   State           Dead Time   Address         Interface
10.224.126.62     1   FULL/BDR        00:00:38    10.224.126.62   Vlan900
10.224.126.51     1   FULL/DROTHER    00:00:38    10.228.254.1    Vlan2040
10.228.10.2       1   FULL/DROTHER    00:00:33    10.228.254.13   Vlan2040
10.228.10.3       1   FULL/DR         00:00:39    10.228.254.12   Vlan2040
10.224.126.51     1   2WAY/DROTHER    00:00:39    10.228.254.161  Vlan2035
10.228.254.162    1   FULL/BDR        00:00:34    10.228.254.173  Vlan2035
10.228.254.163    1   FULL/DR         00:00:38    10.228.254.172  Vlan2035
10.224.125.4      1   FULL/DROTHER    00:00:38    10.224.126.49   Vlan600
10.224.126.51     1   FULL/DR         00:00:38    10.224.126.51   Vlan600
10.228.10.50      1   FULL/BDR        00:00:36    10.228.254.61   Vlan2043
10.228.10.51      1   FULL/DR         00:00:35    10.228.254.60   Vlan2043
10.228.254.49     1   2WAY/DROTHER    00:00:38    10.228.254.49   Vlan2043
10.228.10.82      1   FULL/DROTHER    00:00:30    10.228.254.93   Vlan2045
10.228.10.83      1   FULL/DROTHER    00:00:34    10.228.254.92   Vlan2045
10.228.254.81     1   FULL/BDR        00:00:34    10.228.254.81   Vlan2045
10.228.10.66      1   FULL/DROTHER    00:00:33    10.228.254.77   Vlan2044
10.228.10.67      1   FULL/DROTHER    00:00:32    10.228.254.76   Vlan2044
10.228.254.65     1   FULL/BDR        00:00:34    10.228.254.65   Vlan2044
10.228.10.34      1   FULL/DROTHER    00:00:30    10.228.254.45   Vlan2042
10.228.10.35      1   FULL/DROTHER    00:00:37    10.228.254.44   Vlan2042
10.228.254.33     1   FULL/BDR        00:00:37    10.228.254.33   Vlan2042
10.228.10.18      1   FULL/DROTHER    00:00:39    10.228.254.29   Vlan2041
10.228.10.19      1   FULL/DROTHER    00:00:32    10.228.254.28   Vlan2041
10.228.254.17     1   FULL/BDR        00:00:32    10.228.254.17   Vlan2041
CORE_OT_CONC>
2024-06-07 13:12:49,569 - WARNING - No se detecto resultado en el output en intento 5
2024-06-07 13:12:49,569 - WARNING - 
CORE_OT_CONC>terminal length 0
CORE_OT_CONC>show ip ospf neighbor

Neighbor ID     Pri   State           Dead Time   Address         Interface
10.224.126.62     1   FULL/BDR        00:00:34    10.224.126.62   Vlan900
10.224.126.51     1   FULL/DROTHER    00:00:35    10.228.254.1    Vlan2040
10.228.10.2       1   FULL/DROTHER    00:00:36    10.228.254.13   Vlan2040
10.228.10.3       1   FULL/DR         00:00:32    10.228.254.12   Vlan2040
10.224.126.51     1   2WAY/DROTHER    00:00:32    10.228.254.161  Vlan2035
10.228.254.162    1   FULL/BDR        00:00:37    10.228.254.173  Vlan2035
10.228.254.163    1   FULL/DR         00:00:37    10.228.254.172  Vlan2035
10.224.125.4      1   FULL/DROTHER    00:00:34    10.224.126.49   Vlan600
10.224.126.51     1   FULL/DR         00:00:36    10.224.126.51   Vlan600
10.228.10.50      1   FULL/BDR        00:00:30    10.228.254.61   Vlan2043
10.228.10.51      1   FULL/DR         00:00:38    10.228.254.60   Vlan2043
10.228.254.49     1   2WAY/DROTHER    00:00:32    10.228.254.49   Vlan2043
10.228.10.82      1   FULL/DROTHER    00:00:33    10.228.254.93   Vlan2045
10.228.10.83      1   FULL/DROTHER    00:00:37    10.228.254.92   Vlan2045
10.228.254.81     1   FULL/BDR        00:00:37    10.228.254.81   Vlan2045
10.228.10.66      1   FULL/DROTHER    00:00:36    10.228.254.77   Vlan2044
10.228.10.67      1   FULL/DROTHER    00:00:35    10.228.254.76   Vlan2044
10.228.254.65     1   FULL/BDR        00:00:36    10.228.254.65   Vlan2044
10.228.10.34      1   FULL/DROTHER    00:00:33    10.228.254.45   Vlan2042
10.228.10.35      1   FULL/DROTHER    00:00:30    10.228.254.44   Vlan2042
10.228.254.33     1   FULL/BDR        00:00:31    10.228.254.33   Vlan2042
10.228.10.18      1   FULL/DROTHER    00:00:33    10.228.254.29   Vlan2041
10.228.10.19      1   FULL/DROTHER    00:00:35    10.228.254.28   Vlan2041
10.228.254.17     1   FULL/BDR        00:00:35    10.228.254.17   Vlan2041
CORE_OT_CONC>
